<?xml version="1.0" encoding="utf-8" standalone="no"?>
<!--This file represents the results of running a test suite-->
<test-results name="C:\Users\bscharla\Documents\Visual Studio 2010\Projects\WebBankTest\WebBankTest\bin\Debug\WebBankTest.dll" total="1" errors="0" failures="0" not-run="0" inconclusive="0" ignored="0" skipped="0" invalid="0" date="2010-07-30" time="10:27:37">
  <environment nunit-version="2.5.5.10112" clr-version="2.0.50727.4927" os-version="Microsoft Windows NT 6.1.7600.0" platform="Win32NT" cwd="C:\Users\bscharla\Documents\Visual Studio 2010\Projects\WebBankTest\WebBankTest\bin\Debug" machine-name="LTP-36" user="bscharla" user-domain="LTP-36" />
  <culture-info current-culture="en-GB" current-uiculture="en-US" />
  <test-suite type="Assembly" name="C:\Users\bscharla\Documents\Visual Studio 2010\Projects\WebBankTest\WebBankTest\bin\Debug\WebBankTest.dll" executed="True" result="Success" success="True" time="0.328" asserts="0">
    <results>
      <test-suite type="Namespace" name="WebBank" executed="True" result="Success" success="True" time="0.281" asserts="0">
        <results>
          <test-suite type="Namespace" name="test" executed="True" result="Success" success="True" time="0.281" asserts="0">
            <results>
              <test-suite type="TestFixture" name="AccountTest" executed="True" result="Success" success="True" time="0.234" asserts="0">
                <results>
                  <test-case name="WebBank.test.AccountTest.TransferFunds" executed="True" result="Success" success="True" time="0.187" asserts="4" />
                </results>
              </test-suite>
            </results>
          </test-suite>
        </results>
      </test-suite>
    </results>
  </test-suite>
</test-results>